<?xml version="1.0" encoding="UTF-8"?>
<!-- Generated by org.testng.reporters.JUnitXMLReporter -->
<testsuite hostname="DESKTOP-JOQ5JFT" ignored="0" name="Test" tests="10" failures="1" timestamp="2022-12-26T11:13:46 IST" time="21.602" errors="0">
  <testcase name="validateCupImageHeightTest" time="0.041" classname="com.eco.tests.PDPPageTest"/>
  <testcase name="validateCupImageWidthTest" time="0.017" classname="com.eco.tests.PDPPageTest"/>
  <testcase name="validateProductBrewingTest" time="2.034" classname="com.eco.tests.PDPPageTest"/>
  <testcase name="validateProductDescriptionTest" time="2.027" classname="com.eco.tests.PDPPageTest"/>
  <testcase name="validateProductImage1HeightTest" time="0.018" classname="com.eco.tests.PDPPageTest"/>
  <testcase name="validateProductImage1WidthTest" time="0.014" classname="com.eco.tests.PDPPageTest">
    <failure type="java.lang.AssertionError" message="expected [381] but found [380]">
      <![CDATA[java.lang.AssertionError: expected [381] but found [380]
at com.eco.tests.PDPPageTest.validateProductImage1WidthTest(PDPPageTest.java:43)
at java.util.ArrayList.forEach(Unknown Source)
... Removed 33 stack frames]]>
    </failure>
  </testcase> <!-- validateProductImage1WidthTest -->
  <testcase name="validateProductIntensityTest" time="2.04" classname="com.eco.tests.PDPPageTest"/>
  <testcase name="validateProductTasteTest" time="2.047" classname="com.eco.tests.PDPPageTest"/>
  <testcase name="validateProductTitleTest" time="4.035" classname="com.eco.tests.PDPPageTest"/>
  <testcase name="validateSustainabilityTitleTest" time="2.037" classname="com.eco.tests.PDPPageTest"/>
</testsuite> <!-- Test -->
